<?xml version="1.0" encoding="UTF-8"?>
<!-- Generated by org.testng.reporters.JUnitReportReporter -->
<testsuite skipped="0" hostname="WINDOWS-CN1QL0J" name="restAssuredTest.TestWithRestAssured" tests="1" failures="0" timestamp="29 Aug 2018 14:17:04 GMT" time="0.743" errors="0">
  <testcase name="likeButtonVisibilityTest" time="0.743" classname="restAssuredTest.TestWithRestAssured"/>
</testsuite> <!-- restAssuredTest.TestWithRestAssured -->
